<?xml version="1.0" encoding="UTF-8"?>
<!-- Generated by org.testng.reporters.JUnitXMLReporter -->
<testsuite hostname="Prabodh-PC" ignored="0" name="Default test" tests="3" failures="0" timestamp="22 Aug 2020 06:27:47 GMT" time="7.523" errors="0">
  <testcase name="verifyGetPosts" time="5.875" classname="com.assignment.rest.tests.VerifyGetRequests"/>
  <testcase name="verifyGetSpecificPost" time="0.684" classname="com.assignment.rest.tests.VerifyGetRequests"/>
  <testcase name="verifyInvalidPosts" time="0.916" classname="com.assignment.rest.tests.VerifyGetRequests"/>
</testsuite> <!-- Default test -->
