<?xml version="1.0" encoding="UTF-8"?>
<!-- Generated by org.testng.reporters.JUnitXMLReporter -->
<testsuite hostname="Prabodh-PC" ignored="0" name="Test" tests="6" failures="0" timestamp="22 Aug 2020 13:33:13 GMT" time="15.242" errors="0">
  <testcase name="verifyDeletePosts" time="5.011" classname="com.assignment.rest.tests.VerifyDeleteRequest"/>
  <testcase name="verifyUpdatePosts" time="3.534" classname="com.assignment.rest.tests.VerifyPutRequest"/>
  <testcase name="verifyGetPosts" time="1.428" classname="com.assignment.rest.tests.VerifyGetRequests"/>
  <testcase name="verifyGetSpecificPost" time="1.841" classname="com.assignment.rest.tests.VerifyGetRequests"/>
  <testcase name="verifyInvalidPosts" time="1.062" classname="com.assignment.rest.tests.VerifyGetRequests"/>
  <testcase name="verifyCreatePosts" time="2.31" classname="com.assignment.rest.tests.VerifyPostRequest"/>
</testsuite> <!-- Test -->
