<?xml version="1.0" encoding="UTF-8"?>
<testng-results skipped="0" failed="0" ignored="0" total="6" passed="6">
  <reporter-output>
  </reporter-output>
  <suite name="Suite" duration-ms="15242" started-at="2020-08-22T13:32:58Z" finished-at="2020-08-22T13:33:13Z">
    <groups>
    </groups>
    <test name="Test" duration-ms="15242" started-at="2020-08-22T13:32:58Z" finished-at="2020-08-22T13:33:13Z">
      <class name="com.assignment.rest.tests.VerifyPutRequest">
        <test-method status="PASS" signature="verifyUpdatePosts()[pri:0, instance:com.assignment.rest.tests.VerifyPutRequest@2aa5fe93]" name="verifyUpdatePosts" duration-ms="3534" started-at="2020-08-22T13:33:03Z" finished-at="2020-08-22T13:33:07Z">
          <reporter-output>
          </reporter-output>
        </test-method> <!-- verifyUpdatePosts -->
      </class> <!-- com.assignment.rest.tests.VerifyPutRequest -->
      <class name="com.assignment.rest.tests.VerifyGetRequests">
        <test-method status="PASS" signature="setUp()[pri:0, instance:com.assignment.rest.tests.VerifyGetRequests@3a079870]" name="setUp" is-config="true" duration-ms="687" started-at="2020-08-22T13:32:57Z" finished-at="2020-08-22T13:32:58Z">
          <reporter-output>
          </reporter-output>
        </test-method> <!-- setUp -->
        <test-method status="PASS" signature="verifyGetPosts()[pri:0, instance:com.assignment.rest.tests.VerifyGetRequests@3a079870]" name="verifyGetPosts" duration-ms="1428" started-at="2020-08-22T13:33:07Z" finished-at="2020-08-22T13:33:08Z">
          <reporter-output>
          </reporter-output>
        </test-method> <!-- verifyGetPosts -->
        <test-method status="PASS" signature="verifyGetSpecificPost()[pri:0, instance:com.assignment.rest.tests.VerifyGetRequests@3a079870]" name="verifyGetSpecificPost" duration-ms="1841" started-at="2020-08-22T13:33:08Z" finished-at="2020-08-22T13:33:10Z">
          <reporter-output>
          </reporter-output>
        </test-method> <!-- verifyGetSpecificPost -->
        <test-method status="PASS" signature="verifyInvalidPosts()[pri:0, instance:com.assignment.rest.tests.VerifyGetRequests@3a079870]" name="verifyInvalidPosts" duration-ms="1062" started-at="2020-08-22T13:33:10Z" finished-at="2020-08-22T13:33:11Z">
          <reporter-output>
          </reporter-output>
        </test-method> <!-- verifyInvalidPosts -->
      </class> <!-- com.assignment.rest.tests.VerifyGetRequests -->
      <class name="com.assignment.rest.tests.VerifyPostRequest">
        <test-method status="PASS" signature="verifyCreatePosts()[pri:0, instance:com.assignment.rest.tests.VerifyPostRequest@5c1a8622]" name="verifyCreatePosts" duration-ms="2310" started-at="2020-08-22T13:33:11Z" finished-at="2020-08-22T13:33:13Z">
          <reporter-output>
          </reporter-output>
        </test-method> <!-- verifyCreatePosts -->
      </class> <!-- com.assignment.rest.tests.VerifyPostRequest -->
      <class name="com.assignment.rest.tests.VerifyDeleteRequest">
        <test-method status="PASS" signature="verifyDeletePosts()[pri:0, instance:com.assignment.rest.tests.VerifyDeleteRequest@3b2cf7ab]" name="verifyDeletePosts" duration-ms="5011" started-at="2020-08-22T13:32:58Z" finished-at="2020-08-22T13:33:03Z">
          <reporter-output>
          </reporter-output>
        </test-method> <!-- verifyDeletePosts -->
      </class> <!-- com.assignment.rest.tests.VerifyDeleteRequest -->
    </test> <!-- Test -->
  </suite> <!-- Suite -->
</testng-results>
